[2022/04/21 02:19:26.458] - Starting server with initial configuration: {"gasLimit":6721975,"hardfork":"petersburg","hostname":"127.0.0.1","port":7545,"network_id":5777,"default_balance_ether":100,"total_accounts":10,"unlocked_accounts":[],"locked":false,"vmErrorsOnRPCResponse":true,"verbose":true,"db_path":"C:\\Users\\Bauhaus Technology\\AppData\\Roaming\\Ganache\\workspaces\\distinct-surprise\\chaindata","logDirectory":"C:\\Users\\Bauhaus Technology\\source\\repos\\plditallo\\AgroChain\\Truffle_logs"}
[2022/04/21 02:19:26.741] - eth_getCode
[2022/04/21 02:19:26.742] -    > {
   >   "jsonrpc": "2.0",
   >   "id": 12,
   >   "method": "eth_getCode",
   >   "params": [
   >     "0x222ccfc47b6920d899b0d164cd43e3ce686c4ad0",
   >     "latest"
   >   ]
   > }
[2022/04/21 02:19:26.743] - eth_subscribe
[2022/04/21 02:19:26.744] -    > {
   >   "jsonrpc": "2.0",
   >   "id": 9,
   >   "method": "eth_subscribe",
   >   "params": [
   >     "newHeads"
   >   ]
   > }
[2022/04/21 02:19:26.746] - eth_getLogs
[2022/04/21 02:19:26.747] -    > {
   >   "jsonrpc": "2.0",
   >   "id": 10,
   >   "method": "eth_getLogs",
   >   "params": [
   >     {
   >       "topics": []
   >     }
   >   ]
   > }
[2022/04/21 02:19:26.749] -  <   {
 <     "id": 12,
 <     "jsonrpc": "2.0",
 <     "result": "0x"
 <   }
[2022/04/21 02:19:26.751] - eth_subscribe
[2022/04/21 02:19:26.752] -    > {
   >   "jsonrpc": "2.0",
   >   "id": 11,
   >   "method": "eth_subscribe",
   >   "params": [
   >     "logs",
   >     {
   >       "topics": []
   >     }
   >   ]
   > }
[2022/04/21 02:19:26.756] -  <   {
 <     "id": 9,
 <     "jsonrpc": "2.0",
 <     "result": "0x1"
 <   }
[2022/04/21 02:19:26.773] -  <   {
 <     "id": 10,
 <     "jsonrpc": "2.0",
 <     "result": []
 <   }
[2022/04/21 02:19:26.788] -  <   {
 <     "id": 11,
 <     "jsonrpc": "2.0",
 <     "result": "0x2"
 <   }
[2022/04/21 02:19:26.820] - eth_subscribe
[2022/04/21 02:19:26.822] -    > {
   >   "jsonrpc": "2.0",
   >   "id": 13,
   >   "method": "eth_subscribe",
   >   "params": [
   >     "newHeads"
   >   ]
   > }
[2022/04/21 02:19:26.823] - eth_getLogs
[2022/04/21 02:19:26.824] -    > {
   >   "jsonrpc": "2.0",
   >   "id": 14,
   >   "method": "eth_getLogs",
   >   "params": [
   >     {
   >       "topics": []
   >     }
   >   ]
   > }
[2022/04/21 02:19:26.825] - eth_subscribe
[2022/04/21 02:19:26.826] -    > {
   >   "jsonrpc": "2.0",
   >   "id": 15,
   >   "method": "eth_subscribe",
   >   "params": [
   >     "logs",
   >     {
   >       "topics": []
   >     }
   >   ]
   > }
[2022/04/21 02:19:26.827] -  <   {
 <     "id": 13,
 <     "jsonrpc": "2.0",
 <     "result": "0x3"
 <   }
[2022/04/21 02:19:26.837] -  <   {
 <     "id": 14,
 <     "jsonrpc": "2.0",
 <     "result": []
 <   }
[2022/04/21 02:19:26.851] -  <   {
 <     "id": 15,
 <     "jsonrpc": "2.0",
 <     "result": "0x4"
 <   }
[2022/04/21 02:19:26.914] - eth_blockNumber
[2022/04/21 02:19:26.915] -    > {
   >   "jsonrpc": "2.0",
   >   "id": 98,
   >   "method": "eth_blockNumber",
   >   "params": [],
   >   "internal": true
   > }
[2022/04/21 02:19:26.916] - eth_accounts
[2022/04/21 02:19:26.917] -    > {
   >   "jsonrpc": "2.0",
   >   "id": 99,
   >   "method": "eth_accounts",
   >   "params": [],
   >   "internal": true
   > }
[2022/04/21 02:19:26.918] - eth_gasPrice
[2022/04/21 02:19:26.919] -    > {
   >   "jsonrpc": "2.0",
   >   "id": 100,
   >   "method": "eth_gasPrice",
   >   "params": [],
   >   "internal": true
   > }
[2022/04/21 02:19:26.920] -  <   {
 <     "id": 98,
 <     "jsonrpc": "2.0",
 <     "result": "0x0"
 <   }
[2022/04/21 02:19:26.921] - eth_blockNumber
[2022/04/21 02:19:26.922] -    > {
   >   "jsonrpc": "2.0",
   >   "id": 93,
   >   "method": "eth_blockNumber",
   >   "params": [],
   >   "internal": true
   > }
[2022/04/21 02:19:26.923] - eth_getBlockByNumber
[2022/04/21 02:19:26.925] -    > {
   >   "jsonrpc": "2.0",
   >   "id": 101,
   >   "method": "eth_getBlockByNumber",
   >   "params": [
   >     "latest",
   >     false
   >   ],
   >   "internal": true
   > }
[2022/04/21 02:19:26.925] - eth_accounts
[2022/04/21 02:19:26.925] -    > {
   >   "jsonrpc": "2.0",
   >   "id": 94,
   >   "method": "eth_accounts",
   >   "params": [],
   >   "internal": true
   > }
[2022/04/21 02:19:26.925] -  <   {
 <     "id": 99,
 <     "jsonrpc": "2.0",
 <     "result": [
 <       "0xfc8410c26141b9e6ed1bbcf2431f040cf78d8ef0",
 <       "0x1cebff0d2dcfcca7adeb1a610f47a3e0411529a0",
 <       "0x31fa98c6ec873981bcfe9735e79bec927d25c384",
 <       "0x574b86f08995e28a600c524105fe520a52f9b9de",
 <       "0x25c552d413a0f94f2d08ffe0ae889752da3e2ece",
 <       "0x1cb1ca0cef20f930cfb93374eb347f7fdd170820",
 <       "0x877a6ba94b233d02fb723c3e9e7cb809ee3445df",
 <       "0x27ffa6f83a5852acc1b493781b4a57b5cd414ec5",
 <       "0x6092f739e85c8c65e319cd39491d4ffc33acb618",
 <       "0xa0056f151d34efa4b86e9dabae259c53fad2000f"
 <     ]
 <   }
[2022/04/21 02:19:26.925] - eth_subscribe
[2022/04/21 02:19:26.925] -    > {
   >   "jsonrpc": "2.0",
   >   "id": 102,
   >   "method": "eth_subscribe",
   >   "params": [
   >     "newHeads"
   >   ],
   >   "internal": true
   > }
[2022/04/21 02:19:26.925] - eth_gasPrice
[2022/04/21 02:19:26.925] -    > {
   >   "jsonrpc": "2.0",
   >   "id": 95,
   >   "method": "eth_gasPrice",
   >   "params": [],
   >   "internal": true
   > }
[2022/04/21 02:19:26.933] -  <   {
 <     "id": 100,
 <     "jsonrpc": "2.0",
 <     "result": "0x77359400"
 <   }
[2022/04/21 02:19:26.933] - eth_getBlockByNumber
[2022/04/21 02:19:26.933] -    > {
   >   "jsonrpc": "2.0",
   >   "id": 96,
   >   "method": "eth_getBlockByNumber",
   >   "params": [
   >     "latest",
   >     false
   >   ],
   >   "internal": true
   > }
[2022/04/21 02:19:26.933] -  <   {
 <     "id": 93,
 <     "jsonrpc": "2.0",
 <     "result": "0x0"
 <   }
[2022/04/21 02:19:26.933] - eth_subscribe
[2022/04/21 02:19:26.933] -    > {
   >   "jsonrpc": "2.0",
   >   "id": 97,
   >   "method": "eth_subscribe",
   >   "params": [
   >     "newHeads"
   >   ],
   >   "internal": true
   > }
[2022/04/21 02:19:26.942] -  <   {
 <     "id": 101,
 <     "jsonrpc": "2.0",
 <     "result": {
 <       "number": "0x0",
 <       "hash": "0xebf94df1e5f0e2f9eec1b4281e7b4b694c890e1b84a35b6ac435fe7d4fff4732",
 <       "parentHash": "0x0000000000000000000000000000000000000000000000000000000000000000",
 <       "mixHash": "0x0000000000000000000000000000000000000000000000000000000000000000",
 <       "nonce": "0x0000000000000000",
 <       "sha3Uncles": "0x1dcc4de8dec75d7aab85b567b6ccd41ad312451b948a7413f0a142fd40d49347",
 <       "logsBloom": "0x00000000000000000000000000000000000000000000000000000000000000000000000000000000000000000000000000000000000000000000000000000000000000000000000000000000000000000000000000000000000000000000000000000000000000000000000000000000000000000000000000000000000000000000000000000000000000000000000000000000000000000000000000000000000000000000000000000000000000000000000000000000000000000000000000000000000000000000000000000000000000000000000000000000000000000000000000000000000000000000000000000000000000000000000000000000",
 <       "transactionsRoot": "0x56e81f171bcc55a6ff8345e692c0f86e5b48e01b996cadc001622fb5e363b421",
 <       "stateRoot": "0x8ca85504c339f32aa51888f31947f1536da647f6b8934b88a7c0db4c0d98dd91",
 <       "receiptsRoot": "0x56e81f171bcc55a6ff8345e692c0f86e5b48e01b996cadc001622fb5e363b421",
 <       "miner": "0x0000000000000000000000000000000000000000",
 <       "difficulty": "0x0",
 <       "totalDifficulty": "0x0",
 <       "extraData": "0x",
 <       "size": "0x3e8",
 <       "gasLimit": "0x6691b7",
 <       "gasUsed": "0x0",
 <       "timestamp": "0x6261057e",
 <       "transactions": [],
 <       "uncles": []
 <     }
 <   }
[2022/04/21 02:19:26.947] -  <   {
 <     "id": 94,
 <     "jsonrpc": "2.0",
 <     "result": [
 <       "0xfc8410c26141b9e6ed1bbcf2431f040cf78d8ef0",
 <       "0x1cebff0d2dcfcca7adeb1a610f47a3e0411529a0",
 <       "0x31fa98c6ec873981bcfe9735e79bec927d25c384",
 <       "0x574b86f08995e28a600c524105fe520a52f9b9de",
 <       "0x25c552d413a0f94f2d08ffe0ae889752da3e2ece",
 <       "0x1cb1ca0cef20f930cfb93374eb347f7fdd170820",
 <       "0x877a6ba94b233d02fb723c3e9e7cb809ee3445df",
 <       "0x27ffa6f83a5852acc1b493781b4a57b5cd414ec5",
 <       "0x6092f739e85c8c65e319cd39491d4ffc33acb618",
 <       "0xa0056f151d34efa4b86e9dabae259c53fad2000f"
 <     ]
 <   }
[2022/04/21 02:19:26.949] - eth_accounts
[2022/04/21 02:19:26.950] -    > {
   >   "jsonrpc": "2.0",
   >   "id": 103,
   >   "method": "eth_accounts",
   >   "params": [],
   >   "internal": true
   > }
[2022/04/21 02:19:26.957] -  <   {
 <     "id": 102,
 <     "jsonrpc": "2.0",
 <     "result": "0x5"
 <   }
[2022/04/21 02:19:26.973] -  <   {
 <     "id": 95,
 <     "jsonrpc": "2.0",
 <     "result": "0x77359400"
 <   }
[2022/04/21 02:19:26.990] -  <   {
 <     "id": 96,
 <     "jsonrpc": "2.0",
 <     "result": {
 <       "number": "0x0",
 <       "hash": "0xebf94df1e5f0e2f9eec1b4281e7b4b694c890e1b84a35b6ac435fe7d4fff4732",
 <       "parentHash": "0x0000000000000000000000000000000000000000000000000000000000000000",
 <       "mixHash": "0x0000000000000000000000000000000000000000000000000000000000000000",
 <       "nonce": "0x0000000000000000",
 <       "sha3Uncles": "0x1dcc4de8dec75d7aab85b567b6ccd41ad312451b948a7413f0a142fd40d49347",
 <       "logsBloom": "0x00000000000000000000000000000000000000000000000000000000000000000000000000000000000000000000000000000000000000000000000000000000000000000000000000000000000000000000000000000000000000000000000000000000000000000000000000000000000000000000000000000000000000000000000000000000000000000000000000000000000000000000000000000000000000000000000000000000000000000000000000000000000000000000000000000000000000000000000000000000000000000000000000000000000000000000000000000000000000000000000000000000000000000000000000000000",
 <       "transactionsRoot": "0x56e81f171bcc55a6ff8345e692c0f86e5b48e01b996cadc001622fb5e363b421",
 <       "stateRoot": "0x8ca85504c339f32aa51888f31947f1536da647f6b8934b88a7c0db4c0d98dd91",
 <       "receiptsRoot": "0x56e81f171bcc55a6ff8345e692c0f86e5b48e01b996cadc001622fb5e363b421",
 <       "miner": "0x0000000000000000000000000000000000000000",
 <       "difficulty": "0x0",
 <       "totalDifficulty": "0x0",
 <       "extraData": "0x",
 <       "size": "0x3e8",
 <       "gasLimit": "0x6691b7",
 <       "gasUsed": "0x0",
 <       "timestamp": "0x6261057e",
 <       "transactions": [],
 <       "uncles": []
 <     }
 <   }
[2022/04/21 02:19:26.993] -  <   {
 <     "id": 97,
 <     "jsonrpc": "2.0",
 <     "result": "0x6"
 <   }
[2022/04/21 02:19:26.994] - eth_getBalance
[2022/04/21 02:19:26.995] -    > {
   >   "jsonrpc": "2.0",
   >   "id": 104,
   >   "method": "eth_getBalance",
   >   "params": [
   >     "0xfc8410c26141b9e6ed1bbcf2431f040cf78d8ef0",
   >     "latest"
   >   ],
   >   "internal": true
   > }
[2022/04/21 02:19:27.000] -  <   {
 <     "id": 103,
 <     "jsonrpc": "2.0",
 <     "result": [
 <       "0xfc8410c26141b9e6ed1bbcf2431f040cf78d8ef0",
 <       "0x1cebff0d2dcfcca7adeb1a610f47a3e0411529a0",
 <       "0x31fa98c6ec873981bcfe9735e79bec927d25c384",
 <       "0x574b86f08995e28a600c524105fe520a52f9b9de",
 <       "0x25c552d413a0f94f2d08ffe0ae889752da3e2ece",
 <       "0x1cb1ca0cef20f930cfb93374eb347f7fdd170820",
 <       "0x877a6ba94b233d02fb723c3e9e7cb809ee3445df",
 <       "0x27ffa6f83a5852acc1b493781b4a57b5cd414ec5",
 <       "0x6092f739e85c8c65e319cd39491d4ffc33acb618",
 <       "0xa0056f151d34efa4b86e9dabae259c53fad2000f"
 <     ]
 <   }
[2022/04/21 02:19:27.001] - eth_getTransactionCount
[2022/04/21 02:19:27.002] -    > {
   >   "jsonrpc": "2.0",
   >   "id": 105,
   >   "method": "eth_getTransactionCount",
   >   "params": [
   >     "0xfc8410c26141b9e6ed1bbcf2431f040cf78d8ef0",
   >     "latest"
   >   ],
   >   "internal": true
   > }
[2022/04/21 02:19:27.008] -  <   {
 <     "id": 104,
 <     "jsonrpc": "2.0",
 <     "result": "0x56bc75e2d63100000"
 <   }
[2022/04/21 02:19:27.009] - eth_getBalance
[2022/04/21 02:19:27.011] -    > {
   >   "jsonrpc": "2.0",
   >   "id": 106,
   >   "method": "eth_getBalance",
   >   "params": [
   >     "0x1cebff0d2dcfcca7adeb1a610f47a3e0411529a0",
   >     "latest"
   >   ],
   >   "internal": true
   > }
[2022/04/21 02:19:27.017] -  <   {
 <     "id": 105,
 <     "jsonrpc": "2.0",
 <     "result": "0x0"
 <   }
[2022/04/21 02:19:27.018] - eth_getTransactionCount
[2022/04/21 02:19:27.019] -    > {
   >   "jsonrpc": "2.0",
   >   "id": 107,
   >   "method": "eth_getTransactionCount",
   >   "params": [
   >     "0x1cebff0d2dcfcca7adeb1a610f47a3e0411529a0",
   >     "latest"
   >   ],
   >   "internal": true
   > }
[2022/04/21 02:19:27.025] -  <   {
 <     "id": 106,
 <     "jsonrpc": "2.0",
 <     "result": "0x56bc75e2d63100000"
 <   }
[2022/04/21 02:19:27.026] - eth_getBalance
[2022/04/21 02:19:27.028] -    > {
   >   "jsonrpc": "2.0",
   >   "id": 108,
   >   "method": "eth_getBalance",
   >   "params": [
   >     "0x31fa98c6ec873981bcfe9735e79bec927d25c384",
   >     "latest"
   >   ],
   >   "internal": true
   > }
[2022/04/21 02:19:27.032] -  <   {
 <     "id": 107,
 <     "jsonrpc": "2.0",
 <     "result": "0x0"
 <   }
[2022/04/21 02:19:27.034] - eth_getTransactionCount
[2022/04/21 02:19:27.035] -    > {
   >   "jsonrpc": "2.0",
   >   "id": 109,
   >   "method": "eth_getTransactionCount",
   >   "params": [
   >     "0x31fa98c6ec873981bcfe9735e79bec927d25c384",
   >     "latest"
   >   ],
   >   "internal": true
   > }
[2022/04/21 02:19:27.041] -  <   {
 <     "id": 108,
 <     "jsonrpc": "2.0",
 <     "result": "0x56bc75e2d63100000"
 <   }
[2022/04/21 02:19:27.043] - eth_getBalance
[2022/04/21 02:19:27.043] -    > {
   >   "jsonrpc": "2.0",
   >   "id": 110,
   >   "method": "eth_getBalance",
   >   "params": [
   >     "0x574b86f08995e28a600c524105fe520a52f9b9de",
   >     "latest"
   >   ],
   >   "internal": true
   > }
[2022/04/21 02:19:27.049] -  <   {
 <     "id": 109,
 <     "jsonrpc": "2.0",
 <     "result": "0x0"
 <   }
[2022/04/21 02:19:27.050] - eth_getTransactionCount
[2022/04/21 02:19:27.052] -    > {
   >   "jsonrpc": "2.0",
   >   "id": 111,
   >   "method": "eth_getTransactionCount",
   >   "params": [
   >     "0x574b86f08995e28a600c524105fe520a52f9b9de",
   >     "latest"
   >   ],
   >   "internal": true
   > }
[2022/04/21 02:19:27.058] -  <   {
 <     "id": 110,
 <     "jsonrpc": "2.0",
 <     "result": "0x56bc75e2d63100000"
 <   }
[2022/04/21 02:19:27.060] - eth_getBalance
[2022/04/21 02:19:27.061] -    > {
   >   "jsonrpc": "2.0",
   >   "id": 112,
   >   "method": "eth_getBalance",
   >   "params": [
   >     "0x25c552d413a0f94f2d08ffe0ae889752da3e2ece",
   >     "latest"
   >   ],
   >   "internal": true
   > }
[2022/04/21 02:19:27.066] -  <   {
 <     "id": 111,
 <     "jsonrpc": "2.0",
 <     "result": "0x0"
 <   }
[2022/04/21 02:19:27.067] - eth_getTransactionCount
[2022/04/21 02:19:27.068] -    > {
   >   "jsonrpc": "2.0",
   >   "id": 113,
   >   "method": "eth_getTransactionCount",
   >   "params": [
   >     "0x25c552d413a0f94f2d08ffe0ae889752da3e2ece",
   >     "latest"
   >   ],
   >   "internal": true
   > }
[2022/04/21 02:19:27.073] -  <   {
 <     "id": 112,
 <     "jsonrpc": "2.0",
 <     "result": "0x56bc75e2d63100000"
 <   }
[2022/04/21 02:19:27.074] - eth_getBalance
[2022/04/21 02:19:27.075] -    > {
   >   "jsonrpc": "2.0",
   >   "id": 114,
   >   "method": "eth_getBalance",
   >   "params": [
   >     "0x1cb1ca0cef20f930cfb93374eb347f7fdd170820",
   >     "latest"
   >   ],
   >   "internal": true
   > }
[2022/04/21 02:19:27.081] -  <   {
 <     "id": 113,
 <     "jsonrpc": "2.0",
 <     "result": "0x0"
 <   }
[2022/04/21 02:19:27.082] - eth_getTransactionCount
[2022/04/21 02:19:27.084] -    > {
   >   "jsonrpc": "2.0",
   >   "id": 115,
   >   "method": "eth_getTransactionCount",
   >   "params": [
   >     "0x1cb1ca0cef20f930cfb93374eb347f7fdd170820",
   >     "latest"
   >   ],
   >   "internal": true
   > }
[2022/04/21 02:19:27.089] -  <   {
 <     "id": 114,
 <     "jsonrpc": "2.0",
 <     "result": "0x56bc75e2d63100000"
 <   }
[2022/04/21 02:19:27.091] - eth_getBalance
[2022/04/21 02:19:27.092] -    > {
   >   "jsonrpc": "2.0",
   >   "id": 116,
   >   "method": "eth_getBalance",
   >   "params": [
   >     "0x877a6ba94b233d02fb723c3e9e7cb809ee3445df",
   >     "latest"
   >   ],
   >   "internal": true
   > }
[2022/04/21 02:19:27.096] -  <   {
 <     "id": 115,
 <     "jsonrpc": "2.0",
 <     "result": "0x0"
 <   }
[2022/04/21 02:19:27.097] - eth_getTransactionCount
[2022/04/21 02:19:27.098] -    > {
   >   "jsonrpc": "2.0",
   >   "id": 117,
   >   "method": "eth_getTransactionCount",
   >   "params": [
   >     "0x877a6ba94b233d02fb723c3e9e7cb809ee3445df",
   >     "latest"
   >   ],
   >   "internal": true
   > }
[2022/04/21 02:19:27.104] -  <   {
 <     "id": 116,
 <     "jsonrpc": "2.0",
 <     "result": "0x56bc75e2d63100000"
 <   }
[2022/04/21 02:19:27.105] - eth_getBalance
[2022/04/21 02:19:27.106] -    > {
   >   "jsonrpc": "2.0",
   >   "id": 118,
   >   "method": "eth_getBalance",
   >   "params": [
   >     "0x27ffa6f83a5852acc1b493781b4a57b5cd414ec5",
   >     "latest"
   >   ],
   >   "internal": true
   > }
[2022/04/21 02:19:27.112] -  <   {
 <     "id": 117,
 <     "jsonrpc": "2.0",
 <     "result": "0x0"
 <   }
[2022/04/21 02:19:27.113] - eth_getTransactionCount
[2022/04/21 02:19:27.114] -    > {
   >   "jsonrpc": "2.0",
   >   "id": 119,
   >   "method": "eth_getTransactionCount",
   >   "params": [
   >     "0x27ffa6f83a5852acc1b493781b4a57b5cd414ec5",
   >     "latest"
   >   ],
   >   "internal": true
   > }
[2022/04/21 02:19:27.120] -  <   {
 <     "id": 118,
 <     "jsonrpc": "2.0",
 <     "result": "0x56bc75e2d63100000"
 <   }
[2022/04/21 02:19:27.121] - eth_getBalance
[2022/04/21 02:19:27.122] -    > {
   >   "jsonrpc": "2.0",
   >   "id": 120,
   >   "method": "eth_getBalance",
   >   "params": [
   >     "0x6092f739e85c8c65e319cd39491d4ffc33acb618",
   >     "latest"
   >   ],
   >   "internal": true
   > }
[2022/04/21 02:19:27.129] -  <   {
 <     "id": 119,
 <     "jsonrpc": "2.0",
 <     "result": "0x0"
 <   }
[2022/04/21 02:19:27.131] - eth_getTransactionCount
[2022/04/21 02:19:27.132] -    > {
   >   "jsonrpc": "2.0",
   >   "id": 121,
   >   "method": "eth_getTransactionCount",
   >   "params": [
   >     "0x6092f739e85c8c65e319cd39491d4ffc33acb618",
   >     "latest"
   >   ],
   >   "internal": true
   > }
[2022/04/21 02:19:27.140] -  <   {
 <     "id": 120,
 <     "jsonrpc": "2.0",
 <     "result": "0x56bc75e2d63100000"
 <   }
[2022/04/21 02:19:27.141] - eth_getBalance
[2022/04/21 02:19:27.142] -    > {
   >   "jsonrpc": "2.0",
   >   "id": 122,
   >   "method": "eth_getBalance",
   >   "params": [
   >     "0xa0056f151d34efa4b86e9dabae259c53fad2000f",
   >     "latest"
   >   ],
   >   "internal": true
   > }
[2022/04/21 02:19:27.146] -  <   {
 <     "id": 121,
 <     "jsonrpc": "2.0",
 <     "result": "0x0"
 <   }
[2022/04/21 02:19:27.148] - eth_getTransactionCount
[2022/04/21 02:19:27.149] -    > {
   >   "jsonrpc": "2.0",
   >   "id": 123,
   >   "method": "eth_getTransactionCount",
   >   "params": [
   >     "0xa0056f151d34efa4b86e9dabae259c53fad2000f",
   >     "latest"
   >   ],
   >   "internal": true
   > }
[2022/04/21 02:19:27.164] -  <   {
 <     "id": 122,
 <     "jsonrpc": "2.0",
 <     "result": "0x56bc75e2d63100000"
 <   }
[2022/04/21 02:19:27.180] -  <   {
 <     "id": 123,
 <     "jsonrpc": "2.0",
 <     "result": "0x0"
 <   }
[2022/04/21 02:19:27.241] - eth_getBalance
[2022/04/21 02:19:27.242] -    > {
   >   "jsonrpc": "2.0",
   >   "id": 125,
   >   "method": "eth_getBalance",
   >   "params": [
   >     "0xfc8410c26141b9e6ed1bbcf2431f040cf78d8ef0",
   >     "latest"
   >   ],
   >   "internal": true
   > }
[2022/04/21 02:19:27.249] -  <   {
 <     "id": 125,
 <     "jsonrpc": "2.0",
 <     "result": "0x56bc75e2d63100000"
 <   }
[2022/04/21 02:19:27.250] - eth_getTransactionCount
[2022/04/21 02:19:27.252] -    > {
   >   "jsonrpc": "2.0",
   >   "id": 126,
   >   "method": "eth_getTransactionCount",
   >   "params": [
   >     "0xfc8410c26141b9e6ed1bbcf2431f040cf78d8ef0",
   >     "latest"
   >   ],
   >   "internal": true
   > }
[2022/04/21 02:19:27.256] -  <   {
 <     "id": 126,
 <     "jsonrpc": "2.0",
 <     "result": "0x0"
 <   }
[2022/04/21 02:19:27.258] - eth_getBalance
[2022/04/21 02:19:27.259] -    > {
   >   "jsonrpc": "2.0",
   >   "id": 127,
   >   "method": "eth_getBalance",
   >   "params": [
   >     "0x1cebff0d2dcfcca7adeb1a610f47a3e0411529a0",
   >     "latest"
   >   ],
   >   "internal": true
   > }
[2022/04/21 02:19:27.266] -  <   {
 <     "id": 127,
 <     "jsonrpc": "2.0",
 <     "result": "0x56bc75e2d63100000"
 <   }
[2022/04/21 02:19:27.268] - eth_getTransactionCount
[2022/04/21 02:19:27.269] -    > {
   >   "jsonrpc": "2.0",
   >   "id": 128,
   >   "method": "eth_getTransactionCount",
   >   "params": [
   >     "0x1cebff0d2dcfcca7adeb1a610f47a3e0411529a0",
   >     "latest"
   >   ],
   >   "internal": true
   > }
[2022/04/21 02:19:27.273] -  <   {
 <     "id": 128,
 <     "jsonrpc": "2.0",
 <     "result": "0x0"
 <   }
[2022/04/21 02:19:27.275] - eth_getBalance
[2022/04/21 02:19:27.276] -    > {
   >   "jsonrpc": "2.0",
   >   "id": 129,
   >   "method": "eth_getBalance",
   >   "params": [
   >     "0x31fa98c6ec873981bcfe9735e79bec927d25c384",
   >     "latest"
   >   ],
   >   "internal": true
   > }
[2022/04/21 02:19:27.283] -  <   {
 <     "id": 129,
 <     "jsonrpc": "2.0",
 <     "result": "0x56bc75e2d63100000"
 <   }
[2022/04/21 02:19:27.284] - eth_getTransactionCount
[2022/04/21 02:19:27.285] -    > {
   >   "jsonrpc": "2.0",
   >   "id": 130,
   >   "method": "eth_getTransactionCount",
   >   "params": [
   >     "0x31fa98c6ec873981bcfe9735e79bec927d25c384",
   >     "latest"
   >   ],
   >   "internal": true
   > }
[2022/04/21 02:19:27.287] - eth_getBalance
[2022/04/21 02:19:27.288] -    > {
   >   "jsonrpc": "2.0",
   >   "id": 131,
   >   "method": "eth_getBalance",
   >   "params": [
   >     "0x574b86f08995e28a600c524105fe520a52f9b9de",
   >     "latest"
   >   ],
   >   "internal": true
   > }
[2022/04/21 02:19:27.290] -  <   {
 <     "id": 130,
 <     "jsonrpc": "2.0",
 <     "result": "0x0"
 <   }
[2022/04/21 02:19:27.295] -  <   {
 <     "id": 131,
 <     "jsonrpc": "2.0",
 <     "result": "0x56bc75e2d63100000"
 <   }
[2022/04/21 02:19:27.296] - eth_getTransactionCount
[2022/04/21 02:19:27.297] -    > {
   >   "jsonrpc": "2.0",
   >   "id": 132,
   >   "method": "eth_getTransactionCount",
   >   "params": [
   >     "0x574b86f08995e28a600c524105fe520a52f9b9de",
   >     "latest"
   >   ],
   >   "internal": true
   > }
[2022/04/21 02:19:27.302] -  <   {
 <     "id": 132,
 <     "jsonrpc": "2.0",
 <     "result": "0x0"
 <   }
[2022/04/21 02:19:27.303] - eth_getBalance
[2022/04/21 02:19:27.304] -    > {
   >   "jsonrpc": "2.0",
   >   "id": 133,
   >   "method": "eth_getBalance",
   >   "params": [
   >     "0x25c552d413a0f94f2d08ffe0ae889752da3e2ece",
   >     "latest"
   >   ],
   >   "internal": true
   > }
[2022/04/21 02:19:27.308] -  <   {
 <     "id": 133,
 <     "jsonrpc": "2.0",
 <     "result": "0x56bc75e2d63100000"
 <   }
[2022/04/21 02:19:27.309] - eth_getTransactionCount
[2022/04/21 02:19:27.310] -    > {
   >   "jsonrpc": "2.0",
   >   "id": 134,
   >   "method": "eth_getTransactionCount",
   >   "params": [
   >     "0x25c552d413a0f94f2d08ffe0ae889752da3e2ece",
   >     "latest"
   >   ],
   >   "internal": true
   > }
[2022/04/21 02:19:27.315] -  <   {
 <     "id": 134,
 <     "jsonrpc": "2.0",
 <     "result": "0x0"
 <   }
[2022/04/21 02:19:27.316] - eth_getBalance
[2022/04/21 02:19:27.317] -    > {
   >   "jsonrpc": "2.0",
   >   "id": 135,
   >   "method": "eth_getBalance",
   >   "params": [
   >     "0x1cb1ca0cef20f930cfb93374eb347f7fdd170820",
   >     "latest"
   >   ],
   >   "internal": true
   > }
[2022/04/21 02:19:27.321] -  <   {
 <     "id": 135,
 <     "jsonrpc": "2.0",
 <     "result": "0x56bc75e2d63100000"
 <   }
[2022/04/21 02:19:27.324] - eth_getTransactionCount
[2022/04/21 02:19:27.325] -    > {
   >   "jsonrpc": "2.0",
   >   "id": 136,
   >   "method": "eth_getTransactionCount",
   >   "params": [
   >     "0x1cb1ca0cef20f930cfb93374eb347f7fdd170820",
   >     "latest"
   >   ],
   >   "internal": true
   > }
[2022/04/21 02:19:27.330] -  <   {
 <     "id": 136,
 <     "jsonrpc": "2.0",
 <     "result": "0x0"
 <   }
[2022/04/21 02:19:27.332] - eth_getBalance
[2022/04/21 02:19:27.332] -    > {
   >   "jsonrpc": "2.0",
   >   "id": 137,
   >   "method": "eth_getBalance",
   >   "params": [
   >     "0x877a6ba94b233d02fb723c3e9e7cb809ee3445df",
   >     "latest"
   >   ],
   >   "internal": true
   > }
[2022/04/21 02:19:27.338] -  <   {
 <     "id": 137,
 <     "jsonrpc": "2.0",
 <     "result": "0x56bc75e2d63100000"
 <   }
[2022/04/21 02:19:27.343] - eth_getTransactionCount
[2022/04/21 02:19:27.343] -    > {
   >   "jsonrpc": "2.0",
   >   "id": 138,
   >   "method": "eth_getTransactionCount",
   >   "params": [
   >     "0x877a6ba94b233d02fb723c3e9e7cb809ee3445df",
   >     "latest"
   >   ],
   >   "internal": true
   > }
[2022/04/21 02:19:27.345] - eth_getBalance
[2022/04/21 02:19:27.346] -    > {
   >   "jsonrpc": "2.0",
   >   "id": 139,
   >   "method": "eth_getBalance",
   >   "params": [
   >     "0x27ffa6f83a5852acc1b493781b4a57b5cd414ec5",
   >     "latest"
   >   ],
   >   "internal": true
   > }
[2022/04/21 02:19:27.348] -  <   {
 <     "id": 138,
 <     "jsonrpc": "2.0",
 <     "result": "0x0"
 <   }
[2022/04/21 02:19:27.351] -  <   {
 <     "id": 139,
 <     "jsonrpc": "2.0",
 <     "result": "0x56bc75e2d63100000"
 <   }
[2022/04/21 02:19:27.353] - eth_getTransactionCount
[2022/04/21 02:19:27.354] -    > {
   >   "jsonrpc": "2.0",
   >   "id": 140,
   >   "method": "eth_getTransactionCount",
   >   "params": [
   >     "0x27ffa6f83a5852acc1b493781b4a57b5cd414ec5",
   >     "latest"
   >   ],
   >   "internal": true
   > }
[2022/04/21 02:19:27.359] -  <   {
 <     "id": 140,
 <     "jsonrpc": "2.0",
 <     "result": "0x0"
 <   }
[2022/04/21 02:19:27.360] - eth_getBalance
[2022/04/21 02:19:27.361] -    > {
   >   "jsonrpc": "2.0",
   >   "id": 141,
   >   "method": "eth_getBalance",
   >   "params": [
   >     "0x6092f739e85c8c65e319cd39491d4ffc33acb618",
   >     "latest"
   >   ],
   >   "internal": true
   > }
[2022/04/21 02:19:27.366] -  <   {
 <     "id": 141,
 <     "jsonrpc": "2.0",
 <     "result": "0x56bc75e2d63100000"
 <   }
[2022/04/21 02:19:27.367] - eth_getTransactionCount
[2022/04/21 02:19:27.368] -    > {
   >   "jsonrpc": "2.0",
   >   "id": 142,
   >   "method": "eth_getTransactionCount",
   >   "params": [
   >     "0x6092f739e85c8c65e319cd39491d4ffc33acb618",
   >     "latest"
   >   ],
   >   "internal": true
   > }
[2022/04/21 02:19:27.371] -  <   {
 <     "id": 142,
 <     "jsonrpc": "2.0",
 <     "result": "0x0"
 <   }
[2022/04/21 02:19:27.374] - eth_getBalance
[2022/04/21 02:19:27.374] -    > {
   >   "jsonrpc": "2.0",
   >   "id": 143,
   >   "method": "eth_getBalance",
   >   "params": [
   >     "0xa0056f151d34efa4b86e9dabae259c53fad2000f",
   >     "latest"
   >   ],
   >   "internal": true
   > }
[2022/04/21 02:19:27.384] -  <   {
 <     "id": 143,
 <     "jsonrpc": "2.0",
 <     "result": "0x56bc75e2d63100000"
 <   }
[2022/04/21 02:19:27.385] - eth_getTransactionCount
[2022/04/21 02:19:27.386] -    > {
   >   "jsonrpc": "2.0",
   >   "id": 144,
   >   "method": "eth_getTransactionCount",
   >   "params": [
   >     "0xa0056f151d34efa4b86e9dabae259c53fad2000f",
   >     "latest"
   >   ],
   >   "internal": true
   > }
[2022/04/21 02:19:27.391] -  <   {
 <     "id": 144,
 <     "jsonrpc": "2.0",
 <     "result": "0x0"
 <   }
[2022/04/21 02:19:27.392] - eth_getBalance
[2022/04/21 02:19:27.394] -    > {
   >   "jsonrpc": "2.0",
   >   "id": 145,
   >   "method": "eth_getBalance",
   >   "params": [
   >     "0xfc8410c26141b9e6ed1bbcf2431f040cf78d8ef0",
   >     "latest"
   >   ],
   >   "internal": true
   > }
[2022/04/21 02:19:27.399] -  <   {
 <     "id": 145,
 <     "jsonrpc": "2.0",
 <     "result": "0x56bc75e2d63100000"
 <   }
[2022/04/21 02:19:27.400] - eth_getTransactionCount
[2022/04/21 02:19:27.401] -    > {
   >   "jsonrpc": "2.0",
   >   "id": 146,
   >   "method": "eth_getTransactionCount",
   >   "params": [
   >     "0xfc8410c26141b9e6ed1bbcf2431f040cf78d8ef0",
   >     "latest"
   >   ],
   >   "internal": true
   > }
[2022/04/21 02:19:27.406] -  <   {
 <     "id": 146,
 <     "jsonrpc": "2.0",
 <     "result": "0x0"
 <   }
[2022/04/21 02:19:27.407] - eth_getBalance
[2022/04/21 02:19:27.408] -    > {
   >   "jsonrpc": "2.0",
   >   "id": 147,
   >   "method": "eth_getBalance",
   >   "params": [
   >     "0x1cebff0d2dcfcca7adeb1a610f47a3e0411529a0",
   >     "latest"
   >   ],
   >   "internal": true
   > }
[2022/04/21 02:19:27.413] -  <   {
 <     "id": 147,
 <     "jsonrpc": "2.0",
 <     "result": "0x56bc75e2d63100000"
 <   }
[2022/04/21 02:19:27.415] - eth_getTransactionCount
[2022/04/21 02:19:27.416] -    > {
   >   "jsonrpc": "2.0",
   >   "id": 148,
   >   "method": "eth_getTransactionCount",
   >   "params": [
   >     "0x1cebff0d2dcfcca7adeb1a610f47a3e0411529a0",
   >     "latest"
   >   ],
   >   "internal": true
   > }
[2022/04/21 02:19:27.421] -  <   {
 <     "id": 148,
 <     "jsonrpc": "2.0",
 <     "result": "0x0"
 <   }
[2022/04/21 02:19:27.422] - eth_getBalance
[2022/04/21 02:19:27.423] -    > {
   >   "jsonrpc": "2.0",
   >   "id": 149,
   >   "method": "eth_getBalance",
   >   "params": [
   >     "0x31fa98c6ec873981bcfe9735e79bec927d25c384",
   >     "latest"
   >   ],
   >   "internal": true
   > }
[2022/04/21 02:19:27.428] -  <   {
 <     "id": 149,
 <     "jsonrpc": "2.0",
 <     "result": "0x56bc75e2d63100000"
 <   }
[2022/04/21 02:19:27.430] - eth_getTransactionCount
[2022/04/21 02:19:27.431] -    > {
   >   "jsonrpc": "2.0",
   >   "id": 150,
   >   "method": "eth_getTransactionCount",
   >   "params": [
   >     "0x31fa98c6ec873981bcfe9735e79bec927d25c384",
   >     "latest"
   >   ],
   >   "internal": true
   > }
[2022/04/21 02:19:27.435] -  <   {
 <     "id": 150,
 <     "jsonrpc": "2.0",
 <     "result": "0x0"
 <   }
[2022/04/21 02:19:27.436] - eth_getBalance
[2022/04/21 02:19:27.437] -    > {
   >   "jsonrpc": "2.0",
   >   "id": 151,
   >   "method": "eth_getBalance",
   >   "params": [
   >     "0x574b86f08995e28a600c524105fe520a52f9b9de",
   >     "latest"
   >   ],
   >   "internal": true
   > }
[2022/04/21 02:19:27.443] -  <   {
 <     "id": 151,
 <     "jsonrpc": "2.0",
 <     "result": "0x56bc75e2d63100000"
 <   }
[2022/04/21 02:19:27.444] - eth_getTransactionCount
[2022/04/21 02:19:27.445] -    > {
   >   "jsonrpc": "2.0",
   >   "id": 152,
   >   "method": "eth_getTransactionCount",
   >   "params": [
   >     "0x574b86f08995e28a600c524105fe520a52f9b9de",
   >     "latest"
   >   ],
   >   "internal": true
   > }
[2022/04/21 02:19:27.449] -  <   {
 <     "id": 152,
 <     "jsonrpc": "2.0",
 <     "result": "0x0"
 <   }
[2022/04/21 02:19:27.450] - eth_getBalance
[2022/04/21 02:19:27.451] -    > {
   >   "jsonrpc": "2.0",
   >   "id": 153,
   >   "method": "eth_getBalance",
   >   "params": [
   >     "0x25c552d413a0f94f2d08ffe0ae889752da3e2ece",
   >     "latest"
   >   ],
   >   "internal": true
   > }
[2022/04/21 02:19:27.456] -  <   {
 <     "id": 153,
 <     "jsonrpc": "2.0",
 <     "result": "0x56bc75e2d63100000"
 <   }
[2022/04/21 02:19:27.458] - eth_getTransactionCount
[2022/04/21 02:19:27.458] -    > {
   >   "jsonrpc": "2.0",
   >   "id": 154,
   >   "method": "eth_getTransactionCount",
   >   "params": [
   >     "0x25c552d413a0f94f2d08ffe0ae889752da3e2ece",
   >     "latest"
   >   ],
   >   "internal": true
   > }
[2022/04/21 02:19:27.464] -  <   {
 <     "id": 154,
 <     "jsonrpc": "2.0",
 <     "result": "0x0"
 <   }
[2022/04/21 02:19:27.466] - eth_getBalance
[2022/04/21 02:19:27.467] -    > {
   >   "jsonrpc": "2.0",
   >   "id": 155,
   >   "method": "eth_getBalance",
   >   "params": [
   >     "0x1cb1ca0cef20f930cfb93374eb347f7fdd170820",
   >     "latest"
   >   ],
   >   "internal": true
   > }
[2022/04/21 02:19:27.473] -  <   {
 <     "id": 155,
 <     "jsonrpc": "2.0",
 <     "result": "0x56bc75e2d63100000"
 <   }
[2022/04/21 02:19:27.474] - eth_getTransactionCount
[2022/04/21 02:19:27.475] -    > {
   >   "jsonrpc": "2.0",
   >   "id": 156,
   >   "method": "eth_getTransactionCount",
   >   "params": [
   >     "0x1cb1ca0cef20f930cfb93374eb347f7fdd170820",
   >     "latest"
   >   ],
   >   "internal": true
   > }
[2022/04/21 02:19:27.481] -  <   {
 <     "id": 156,
 <     "jsonrpc": "2.0",
 <     "result": "0x0"
 <   }
[2022/04/21 02:19:27.482] - eth_getBalance
[2022/04/21 02:19:27.483] -    > {
   >   "jsonrpc": "2.0",
   >   "id": 157,
   >   "method": "eth_getBalance",
   >   "params": [
   >     "0x877a6ba94b233d02fb723c3e9e7cb809ee3445df",
   >     "latest"
   >   ],
   >   "internal": true
   > }
[2022/04/21 02:19:27.488] -  <   {
 <     "id": 157,
 <     "jsonrpc": "2.0",
 <     "result": "0x56bc75e2d63100000"
 <   }
[2022/04/21 02:19:27.493] - eth_getTransactionCount
[2022/04/21 02:19:27.494] -    > {
   >   "jsonrpc": "2.0",
   >   "id": 158,
   >   "method": "eth_getTransactionCount",
   >   "params": [
   >     "0x877a6ba94b233d02fb723c3e9e7cb809ee3445df",
   >     "latest"
   >   ],
   >   "internal": true
   > }
[2022/04/21 02:19:27.495] - eth_getBalance
[2022/04/21 02:19:27.497] -    > {
   >   "jsonrpc": "2.0",
   >   "id": 159,
   >   "method": "eth_getBalance",
   >   "params": [
   >     "0x27ffa6f83a5852acc1b493781b4a57b5cd414ec5",
   >     "latest"
   >   ],
   >   "internal": true
   > }
[2022/04/21 02:19:27.500] -  <   {
 <     "id": 158,
 <     "jsonrpc": "2.0",
 <     "result": "0x0"
 <   }
[2022/04/21 02:19:27.501] - eth_getTransactionCount
[2022/04/21 02:19:27.502] -    > {
   >   "jsonrpc": "2.0",
   >   "id": 160,
   >   "method": "eth_getTransactionCount",
   >   "params": [
   >     "0x27ffa6f83a5852acc1b493781b4a57b5cd414ec5",
   >     "latest"
   >   ],
   >   "internal": true
   > }
[2022/04/21 02:19:27.508] -  <   {
 <     "id": 159,
 <     "jsonrpc": "2.0",
 <     "result": "0x56bc75e2d63100000"
 <   }
[2022/04/21 02:19:27.509] - eth_getBalance
[2022/04/21 02:19:27.510] -    > {
   >   "jsonrpc": "2.0",
   >   "id": 161,
   >   "method": "eth_getBalance",
   >   "params": [
   >     "0x6092f739e85c8c65e319cd39491d4ffc33acb618",
   >     "latest"
   >   ],
   >   "internal": true
   > }
[2022/04/21 02:19:27.515] -  <   {
 <     "id": 160,
 <     "jsonrpc": "2.0",
 <     "result": "0x0"
 <   }
[2022/04/21 02:19:27.517] - eth_getTransactionCount
[2022/04/21 02:19:27.517] -    > {
   >   "jsonrpc": "2.0",
   >   "id": 162,
   >   "method": "eth_getTransactionCount",
   >   "params": [
   >     "0x6092f739e85c8c65e319cd39491d4ffc33acb618",
   >     "latest"
   >   ],
   >   "internal": true
   > }
[2022/04/21 02:19:27.522] -  <   {
 <     "id": 161,
 <     "jsonrpc": "2.0",
 <     "result": "0x56bc75e2d63100000"
 <   }
[2022/04/21 02:19:27.524] - eth_getBalance
[2022/04/21 02:19:27.526] -    > {
   >   "jsonrpc": "2.0",
   >   "id": 163,
   >   "method": "eth_getBalance",
   >   "params": [
   >     "0xa0056f151d34efa4b86e9dabae259c53fad2000f",
   >     "latest"
   >   ],
   >   "internal": true
   > }
[2022/04/21 02:19:27.529] -  <   {
 <     "id": 162,
 <     "jsonrpc": "2.0",
 <     "result": "0x0"
 <   }
[2022/04/21 02:19:27.531] - eth_getTransactionCount
[2022/04/21 02:19:27.532] -    > {
   >   "jsonrpc": "2.0",
   >   "id": 164,
   >   "method": "eth_getTransactionCount",
   >   "params": [
   >     "0xa0056f151d34efa4b86e9dabae259c53fad2000f",
   >     "latest"
   >   ],
   >   "internal": true
   > }
[2022/04/21 02:19:27.536] -  <   {
 <     "id": 163,
 <     "jsonrpc": "2.0",
 <     "result": "0x56bc75e2d63100000"
 <   }
[2022/04/21 02:19:27.537] - eth_getBalance
[2022/04/21 02:19:27.538] -    > {
   >   "jsonrpc": "2.0",
   >   "id": 165,
   >   "method": "eth_getBalance",
   >   "params": [
   >     "0xfc8410c26141b9e6ed1bbcf2431f040cf78d8ef0",
   >     "latest"
   >   ],
   >   "internal": true
   > }
[2022/04/21 02:19:27.543] -  <   {
 <     "id": 164,
 <     "jsonrpc": "2.0",
 <     "result": "0x0"
 <   }
[2022/04/21 02:19:27.545] - eth_getTransactionCount
[2022/04/21 02:19:27.546] -    > {
   >   "jsonrpc": "2.0",
   >   "id": 166,
   >   "method": "eth_getTransactionCount",
   >   "params": [
   >     "0xfc8410c26141b9e6ed1bbcf2431f040cf78d8ef0",
   >     "latest"
   >   ],
   >   "internal": true
   > }
[2022/04/21 02:19:27.548] -  <   {
 <     "id": 165,
 <     "jsonrpc": "2.0",
 <     "result": "0x56bc75e2d63100000"
 <   }
[2022/04/21 02:19:27.553] -  <   {
 <     "id": 166,
 <     "jsonrpc": "2.0",
 <     "result": "0x0"
 <   }
[2022/04/21 02:19:27.554] - eth_getBalance
[2022/04/21 02:19:27.555] -    > {
   >   "jsonrpc": "2.0",
   >   "id": 167,
   >   "method": "eth_getBalance",
   >   "params": [
   >     "0x1cebff0d2dcfcca7adeb1a610f47a3e0411529a0",
   >     "latest"
   >   ],
   >   "internal": true
   > }
[2022/04/21 02:19:27.560] -  <   {
 <     "id": 167,
 <     "jsonrpc": "2.0",
 <     "result": "0x56bc75e2d63100000"
 <   }
[2022/04/21 02:19:27.561] - eth_getTransactionCount
[2022/04/21 02:19:27.562] -    > {
   >   "jsonrpc": "2.0",
   >   "id": 168,
   >   "method": "eth_getTransactionCount",
   >   "params": [
   >     "0x1cebff0d2dcfcca7adeb1a610f47a3e0411529a0",
   >     "latest"
   >   ],
   >   "internal": true
   > }
[2022/04/21 02:19:27.570] -  <   {
 <     "id": 168,
 <     "jsonrpc": "2.0",
 <     "result": "0x0"
 <   }
[2022/04/21 02:19:27.572] - eth_getBalance
[2022/04/21 02:19:27.573] -    > {
   >   "jsonrpc": "2.0",
   >   "id": 169,
   >   "method": "eth_getBalance",
   >   "params": [
   >     "0x31fa98c6ec873981bcfe9735e79bec927d25c384",
   >     "latest"
   >   ],
   >   "internal": true
   > }
[2022/04/21 02:19:27.576] -  <   {
 <     "id": 169,
 <     "jsonrpc": "2.0",
 <     "result": "0x56bc75e2d63100000"
 <   }
[2022/04/21 02:19:27.577] - eth_getTransactionCount
[2022/04/21 02:19:27.578] -    > {
   >   "jsonrpc": "2.0",
   >   "id": 170,
   >   "method": "eth_getTransactionCount",
   >   "params": [
   >     "0x31fa98c6ec873981bcfe9735e79bec927d25c384",
   >     "latest"
   >   ],
   >   "internal": true
   > }
[2022/04/21 02:19:27.584] -  <   {
 <     "id": 170,
 <     "jsonrpc": "2.0",
 <     "result": "0x0"
 <   }
[2022/04/21 02:19:27.585] - eth_getBalance
[2022/04/21 02:19:27.586] -    > {
   >   "jsonrpc": "2.0",
   >   "id": 171,
   >   "method": "eth_getBalance",
   >   "params": [
   >     "0x574b86f08995e28a600c524105fe520a52f9b9de",
   >     "latest"
   >   ],
   >   "internal": true
   > }
[2022/04/21 02:19:27.592] -  <   {
 <     "id": 171,
 <     "jsonrpc": "2.0",
 <     "result": "0x56bc75e2d63100000"
 <   }
[2022/04/21 02:19:27.595] - eth_getTransactionCount
[2022/04/21 02:19:27.596] -    > {
   >   "jsonrpc": "2.0",
   >   "id": 172,
   >   "method": "eth_getTransactionCount",
   >   "params": [
   >     "0x574b86f08995e28a600c524105fe520a52f9b9de",
   >     "latest"
   >   ],
   >   "internal": true
   > }
[2022/04/21 02:19:27.598] - eth_getBalance
[2022/04/21 02:19:27.599] -    > {
   >   "jsonrpc": "2.0",
   >   "id": 173,
   >   "method": "eth_getBalance",
   >   "params": [
   >     "0x25c552d413a0f94f2d08ffe0ae889752da3e2ece",
   >     "latest"
   >   ],
   >   "internal": true
   > }
[2022/04/21 02:19:27.600] -  <   {
 <     "id": 172,
 <     "jsonrpc": "2.0",
 <     "result": "0x0"
 <   }
[2022/04/21 02:19:27.605] -  <   {
 <     "id": 173,
 <     "jsonrpc": "2.0",
 <     "result": "0x56bc75e2d63100000"
 <   }
[2022/04/21 02:19:27.607] - eth_getTransactionCount
[2022/04/21 02:19:27.608] -    > {
   >   "jsonrpc": "2.0",
   >   "id": 174,
   >   "method": "eth_getTransactionCount",
   >   "params": [
   >     "0x25c552d413a0f94f2d08ffe0ae889752da3e2ece",
   >     "latest"
   >   ],
   >   "internal": true
   > }
[2022/04/21 02:19:27.612] -  <   {
 <     "id": 174,
 <     "jsonrpc": "2.0",
 <     "result": "0x0"
 <   }
[2022/04/21 02:19:27.613] - eth_getBalance
[2022/04/21 02:19:27.614] -    > {
   >   "jsonrpc": "2.0",
   >   "id": 175,
   >   "method": "eth_getBalance",
   >   "params": [
   >     "0x1cb1ca0cef20f930cfb93374eb347f7fdd170820",
   >     "latest"
   >   ],
   >   "internal": true
   > }
[2022/04/21 02:19:27.620] -  <   {
 <     "id": 175,
 <     "jsonrpc": "2.0",
 <     "result": "0x56bc75e2d63100000"
 <   }
[2022/04/21 02:19:27.621] - eth_getTransactionCount
[2022/04/21 02:19:27.622] -    > {
   >   "jsonrpc": "2.0",
   >   "id": 176,
   >   "method": "eth_getTransactionCount",
   >   "params": [
   >     "0x1cb1ca0cef20f930cfb93374eb347f7fdd170820",
   >     "latest"
   >   ],
   >   "internal": true
   > }
[2022/04/21 02:19:27.627] -  <   {
 <     "id": 176,
 <     "jsonrpc": "2.0",
 <     "result": "0x0"
 <   }
[2022/04/21 02:19:27.629] - eth_getBalance
[2022/04/21 02:19:27.629] -    > {
   >   "jsonrpc": "2.0",
   >   "id": 177,
   >   "method": "eth_getBalance",
   >   "params": [
   >     "0x877a6ba94b233d02fb723c3e9e7cb809ee3445df",
   >     "latest"
   >   ],
   >   "internal": true
   > }
[2022/04/21 02:19:27.633] -  <   {
 <     "id": 177,
 <     "jsonrpc": "2.0",
 <     "result": "0x56bc75e2d63100000"
 <   }
[2022/04/21 02:19:27.635] - eth_getTransactionCount
[2022/04/21 02:19:27.636] -    > {
   >   "jsonrpc": "2.0",
   >   "id": 178,
   >   "method": "eth_getTransactionCount",
   >   "params": [
   >     "0x877a6ba94b233d02fb723c3e9e7cb809ee3445df",
   >     "latest"
   >   ],
   >   "internal": true
   > }
[2022/04/21 02:19:27.639] -  <   {
 <     "id": 178,
 <     "jsonrpc": "2.0",
 <     "result": "0x0"
 <   }
[2022/04/21 02:19:27.641] - eth_getBalance
[2022/04/21 02:19:27.641] -    > {
   >   "jsonrpc": "2.0",
   >   "id": 179,
   >   "method": "eth_getBalance",
   >   "params": [
   >     "0x27ffa6f83a5852acc1b493781b4a57b5cd414ec5",
   >     "latest"
   >   ],
   >   "internal": true
   > }
[2022/04/21 02:19:27.647] -  <   {
 <     "id": 179,
 <     "jsonrpc": "2.0",
 <     "result": "0x56bc75e2d63100000"
 <   }
[2022/04/21 02:19:27.649] - eth_getTransactionCount
[2022/04/21 02:19:27.649] -    > {
   >   "jsonrpc": "2.0",
   >   "id": 180,
   >   "method": "eth_getTransactionCount",
   >   "params": [
   >     "0x27ffa6f83a5852acc1b493781b4a57b5cd414ec5",
   >     "latest"
   >   ],
   >   "internal": true
   > }
[2022/04/21 02:19:27.653] -  <   {
 <     "id": 180,
 <     "jsonrpc": "2.0",
 <     "result": "0x0"
 <   }
[2022/04/21 02:19:27.655] - eth_getBalance
[2022/04/21 02:19:27.656] -    > {
   >   "jsonrpc": "2.0",
   >   "id": 181,
   >   "method": "eth_getBalance",
   >   "params": [
   >     "0x6092f739e85c8c65e319cd39491d4ffc33acb618",
   >     "latest"
   >   ],
   >   "internal": true
   > }
[2022/04/21 02:19:27.662] -  <   {
 <     "id": 181,
 <     "jsonrpc": "2.0",
 <     "result": "0x56bc75e2d63100000"
 <   }
[2022/04/21 02:19:27.663] - eth_getTransactionCount
[2022/04/21 02:19:27.664] -    > {
   >   "jsonrpc": "2.0",
   >   "id": 182,
   >   "method": "eth_getTransactionCount",
   >   "params": [
   >     "0x6092f739e85c8c65e319cd39491d4ffc33acb618",
   >     "latest"
   >   ],
   >   "internal": true
   > }
[2022/04/21 02:19:27.668] -  <   {
 <     "id": 182,
 <     "jsonrpc": "2.0",
 <     "result": "0x0"
 <   }
[2022/04/21 02:19:27.669] - eth_getBalance
[2022/04/21 02:19:27.671] -    > {
   >   "jsonrpc": "2.0",
   >   "id": 183,
   >   "method": "eth_getBalance",
   >   "params": [
   >     "0xa0056f151d34efa4b86e9dabae259c53fad2000f",
   >     "latest"
   >   ],
   >   "internal": true
   > }
[2022/04/21 02:19:27.674] -  <   {
 <     "id": 183,
 <     "jsonrpc": "2.0",
 <     "result": "0x56bc75e2d63100000"
 <   }
[2022/04/21 02:19:27.677] - eth_getTransactionCount
[2022/04/21 02:19:27.678] -    > {
   >   "jsonrpc": "2.0",
   >   "id": 184,
   >   "method": "eth_getTransactionCount",
   >   "params": [
   >     "0xa0056f151d34efa4b86e9dabae259c53fad2000f",
   >     "latest"
   >   ],
   >   "internal": true
   > }
[2022/04/21 02:19:27.686] -  <   {
 <     "id": 184,
 <     "jsonrpc": "2.0",
 <     "result": "0x0"
 <   }
[2022/04/21 02:21:50.292] - eth_getBlockByNumber
[2022/04/21 02:21:50.293] -    > {
   >   "jsonrpc": "2.0",
   >   "id": 185,
   >   "method": "eth_getBlockByNumber",
   >   "params": [
   >     "0x0",
   >     false
   >   ],
   >   "internal": true
   > }
[2022/04/21 02:21:50.302] -  <   {
 <     "id": 185,
 <     "jsonrpc": "2.0",
 <     "result": {
 <       "number": "0x0",
 <       "hash": "0xebf94df1e5f0e2f9eec1b4281e7b4b694c890e1b84a35b6ac435fe7d4fff4732",
 <       "parentHash": "0x0000000000000000000000000000000000000000000000000000000000000000",
 <       "mixHash": "0x0000000000000000000000000000000000000000000000000000000000000000",
 <       "nonce": "0x0000000000000000",
 <       "sha3Uncles": "0x1dcc4de8dec75d7aab85b567b6ccd41ad312451b948a7413f0a142fd40d49347",
 <       "logsBloom": "0x00000000000000000000000000000000000000000000000000000000000000000000000000000000000000000000000000000000000000000000000000000000000000000000000000000000000000000000000000000000000000000000000000000000000000000000000000000000000000000000000000000000000000000000000000000000000000000000000000000000000000000000000000000000000000000000000000000000000000000000000000000000000000000000000000000000000000000000000000000000000000000000000000000000000000000000000000000000000000000000000000000000000000000000000000000000",
 <       "transactionsRoot": "0x56e81f171bcc55a6ff8345e692c0f86e5b48e01b996cadc001622fb5e363b421",
 <       "stateRoot": "0x8ca85504c339f32aa51888f31947f1536da647f6b8934b88a7c0db4c0d98dd91",
 <       "receiptsRoot": "0x56e81f171bcc55a6ff8345e692c0f86e5b48e01b996cadc001622fb5e363b421",
 <       "miner": "0x0000000000000000000000000000000000000000",
 <       "difficulty": "0x0",
 <       "totalDifficulty": "0x0",
 <       "extraData": "0x",
 <       "size": "0x3e8",
 <       "gasLimit": "0x6691b7",
 <       "gasUsed": "0x0",
 <       "timestamp": "0x6261057e",
 <       "transactions": [],
 <       "uncles": []
 <     }
 <   }
[2022/04/21 02:21:50.324] - eth_getBlockTransactionCountByHash
[2022/04/21 02:21:50.325] -    > {
   >   "jsonrpc": "2.0",
   >   "id": 186,
   >   "method": "eth_getBlockTransactionCountByHash",
   >   "params": [
   >     "0xebf94df1e5f0e2f9eec1b4281e7b4b694c890e1b84a35b6ac435fe7d4fff4732"
   >   ],
   >   "internal": true
   > }
[2022/04/21 02:21:50.334] -  <   {
 <     "id": 186,
 <     "jsonrpc": "2.0",
 <     "result": "0x0"
 <   }
[2022/04/21 02:21:53.769] - eth_getBlockByNumber
[2022/04/21 02:21:53.770] -    > {
   >   "jsonrpc": "2.0",
   >   "id": 187,
   >   "method": "eth_getBlockByNumber",
   >   "params": [
   >     "0x0",
   >     true
   >   ],
   >   "internal": true
   > }
[2022/04/21 02:21:53.777] -  <   {
 <     "id": 187,
 <     "jsonrpc": "2.0",
 <     "result": {
 <       "number": "0x0",
 <       "hash": "0xebf94df1e5f0e2f9eec1b4281e7b4b694c890e1b84a35b6ac435fe7d4fff4732",
 <       "parentHash": "0x0000000000000000000000000000000000000000000000000000000000000000",
 <       "mixHash": "0x0000000000000000000000000000000000000000000000000000000000000000",
 <       "nonce": "0x0000000000000000",
 <       "sha3Uncles": "0x1dcc4de8dec75d7aab85b567b6ccd41ad312451b948a7413f0a142fd40d49347",
 <       "logsBloom": "0x00000000000000000000000000000000000000000000000000000000000000000000000000000000000000000000000000000000000000000000000000000000000000000000000000000000000000000000000000000000000000000000000000000000000000000000000000000000000000000000000000000000000000000000000000000000000000000000000000000000000000000000000000000000000000000000000000000000000000000000000000000000000000000000000000000000000000000000000000000000000000000000000000000000000000000000000000000000000000000000000000000000000000000000000000000000",
 <       "transactionsRoot": "0x56e81f171bcc55a6ff8345e692c0f86e5b48e01b996cadc001622fb5e363b421",
 <       "stateRoot": "0x8ca85504c339f32aa51888f31947f1536da647f6b8934b88a7c0db4c0d98dd91",
 <       "receiptsRoot": "0x56e81f171bcc55a6ff8345e692c0f86e5b48e01b996cadc001622fb5e363b421",
 <       "miner": "0x0000000000000000000000000000000000000000",
 <       "difficulty": "0x0",
 <       "totalDifficulty": "0x0",
 <       "extraData": "0x",
 <       "size": "0x3e8",
 <       "gasLimit": "0x6691b7",
 <       "gasUsed": "0x0",
 <       "timestamp": "0x6261057e",
 <       "transactions": [],
 <       "uncles": []
 <     }
 <   }
[2022/04/21 02:22:03.597] - eth_getLogs
[2022/04/21 02:22:03.598] -    > {
   >   "jsonrpc": "2.0",
   >   "id": 189,
   >   "method": "eth_getLogs",
   >   "params": [
   >     {
   >       "fromBlock": "0x0",
   >       "toBlock": "0x0",
   >       "topics": []
   >     }
   >   ],
   >   "internal": true
   > }
[2022/04/21 02:22:03.599] -  <   {
 <     "id": 189,
 <     "jsonrpc": "2.0",
 <     "result": []
 <   }
[2022/04/21 02:22:37.620] - eth_unsubscribe
[2022/04/21 02:22:37.621] -    > {
   >   "jsonrpc": "2.0",
   >   "id": 16,
   >   "method": "eth_unsubscribe",
   >   "params": [
   >     "0x3"
   >   ]
   > }
[2022/04/21 02:22:37.622] - eth_unsubscribe
[2022/04/21 02:22:37.624] -    > {
   >   "jsonrpc": "2.0",
   >   "id": 17,
   >   "method": "eth_unsubscribe",
   >   "params": [
   >     "0x4"
   >   ]
   > }
[2022/04/21 02:22:37.625] -  <   {
 <     "id": 16,
 <     "jsonrpc": "2.0",
 <     "result": true
 <   }
[2022/04/21 02:22:37.627] -    > {
   >   "jsonrpc": "2.0",
   >   "method": "eth_unsubscribe",
   >   "params": [
   >     "0x5"
   >   ],
   >   "id": 1650525757627
   > }
[2022/04/21 02:22:37.628] -    > {
   >   "jsonrpc": "2.0",
   >   "method": "eth_unsubscribe",
   >   "params": [
   >     "0x4"
   >   ],
   >   "id": 1650525757628
   > }
[2022/04/21 02:22:37.630] -    > {
   >   "jsonrpc": "2.0",
   >   "method": "eth_unsubscribe",
   >   "params": [
   >     "0x6"
   >   ],
   >   "id": 1650525757629
   > }
[2022/04/21 02:22:37.631] -    > {
   >   "jsonrpc": "2.0",
   >   "method": "eth_unsubscribe",
   >   "params": [
   >     "0x1"
   >   ],
   >   "id": 1650525757631
   > }
[2022/04/21 02:22:37.636] -    > {
   >   "jsonrpc": "2.0",
   >   "method": "eth_unsubscribe",
   >   "params": [
   >     "0x2"
   >   ],
   >   "id": 1650525757636
   > }
[2022/04/21 02:22:37.638] -  <   {
 <     "id": 17,
 <     "jsonrpc": "2.0",
 <     "result": true
 <   }
[2022/04/21 02:22:37.652] -  <   {
 <     "id": 1650525757627,
 <     "jsonrpc": "2.0",
 <     "result": true
 <   }
[2022/04/21 02:22:37.669] -  <   {
 <     "id": 1650525757628,
 <     "jsonrpc": "2.0",
 <     "error": {
 <       "message": "Subscription ID 0x4 not found.",
 <       "code": -32000,
 <       "data": {
 <         "stack": "Error: Subscription ID 0x4 not found.\n    at SubscriptionSubprovider.eth_unsubscribe (C:\\Program Files\\WindowsApps\\GanacheUI_2.5.4.0_x64__5dg5pnz03psnj\\app\\resources\\static\\node\\node_modules\\ganache-core\\node_modules\\web3-provider-engine\\subproviders\\subscriptions.js:78:8)\n    at SubscriptionSubprovider.handleRequest (C:\\Program Files\\WindowsApps\\GanacheUI_2.5.4.0_x64__5dg5pnz03psnj\\app\\resources\\static\\node\\node_modules\\ganache-core\\node_modules\\web3-provider-engine\\subproviders\\subscriptions.js:134:12)\n    at next (C:\\Program Files\\WindowsApps\\GanacheUI_2.5.4.0_x64__5dg5pnz03psnj\\app\\resources\\static\\node\\node_modules\\ganache-core\\node_modules\\web3-provider-engine\\index.js:136:18)\n    at DelayedBlockFilter.handleRequest (C:\\Program Files\\WindowsApps\\GanacheUI_2.5.4.0_x64__5dg5pnz03psnj\\app\\resources\\static\\node\\node_modules\\ganache-core\\lib\\subproviders\\delayedblockfilter.js:31:3)\n    at next (C:\\Program Files\\WindowsApps\\GanacheUI_2.5.4.0_x64__5dg5pnz03psnj\\app\\resources\\static\\node\\node_modules\\ganache-core\\node_modules\\web3-provider-engine\\index.js:136:18)\n    at RequestFunnel.handleRequest (C:\\Program Files\\WindowsApps\\GanacheUI_2.5.4.0_x64__5dg5pnz03psnj\\app\\resources\\static\\node\\node_modules\\ganache-core\\lib\\subproviders\\requestfunnel.js:32:12)\n    at next (C:\\Program Files\\WindowsApps\\GanacheUI_2.5.4.0_x64__5dg5pnz03psnj\\app\\resources\\static\\node\\node_modules\\ganache-core\\node_modules\\web3-provider-engine\\index.js:136:18)\n    at Web3ProviderEngine._handleAsync (C:\\Program Files\\WindowsApps\\GanacheUI_2.5.4.0_x64__5dg5pnz03psnj\\app\\resources\\static\\node\\node_modules\\ganache-core\\node_modules\\web3-provider-engine\\index.js:123:3)\n    at Timeout._onTimeout (C:\\Program Files\\WindowsApps\\GanacheUI_2.5.4.0_x64__5dg5pnz03psnj\\app\\resources\\static\\node\\node_modules\\ganache-core\\node_modules\\web3-provider-engine\\index.js:107:12)\n    at listOnTimeout (internal/timers.js:531:17)\n    at processTimers (internal/timers.js:475:7)",
 <         "name": "Error"
 <       }
 <     }
 <   }
[2022/04/21 02:22:37.683] -  <   {
 <     "id": 1650525757629,
 <     "jsonrpc": "2.0",
 <     "result": true
 <   }
[2022/04/21 02:22:37.698] -  <   {
 <     "id": 1650525757631,
 <     "jsonrpc": "2.0",
 <     "result": true
 <   }
[2022/04/21 02:22:37.714] -  <   {
 <     "id": 1650525757636,
 <     "jsonrpc": "2.0",
 <     "result": true
 <   }
